15:28:08.298 [error] some error
15:50:54.998 [] Running RailroadWeb.Endpoint with cowboy 2.8.0 at 0.0.0.0:4000 (http)
15:50:55.000 [] Access RailroadWeb.Endpoint at http://localhost:4000
15:51:39.314 [] Running RailroadWeb.Endpoint with cowboy 2.8.0 at 0.0.0.0:4000 (http)
15:51:39.318 [] Access RailroadWeb.Endpoint at http://localhost:4000
15:51:39.621 [] GET /api/v2/barrier/Nadorzyce
15:51:39.630 [] Processing with RailroadWeb.BarrierController.show/2
  Parameters: %{"name" => "Nadorzyce"}
  Pipelines: [:api]
15:51:39.642 [] QUERY OK source="barriers" db=5.5ms queue=0.8ms idle=331.0ms
SELECT b0."id", b0."name", b0."status", b0."inserted_at", b0."updated_at" FROM "barriers" AS b0 WHERE (b0."name" = $1) ["Nadorzyce"]
15:51:39.647 [] Sent 200 in 25ms
15:51:39.678 [] POST /api/v2/barrier/
15:51:39.682 [] Processing with RailroadWeb.BarrierController.update/2
  Parameters: %{"name" => "Nadorzyce", "status" => "CLOSED"}
  Pipelines: [:api]
15:51:39.684 [] QUERY OK source="barriers" db=1.6ms idle=377.5ms
SELECT b0."id", b0."name", b0."status", b0."inserted_at", b0."updated_at" FROM "barriers" AS b0 WHERE (b0."name" = $1) ["Nadorzyce"]
15:51:39.698 [] QUERY OK db=0.7ms queue=0.5ms idle=390.0ms
UPDATE "barriers" SET "status" = $1, "updated_at" = $2 WHERE "id" = $3 ["CLOSED", ~N[2021-04-08 13:51:39], 138]
15:51:39.698 [] Sent 200 in 19ms
15:51:40.592 [] POST /api/v2/barrier/
15:51:40.593 [] Processing with RailroadWeb.BarrierController.update/2
  Parameters: %{"name" => "Falbanka", "status" => "OPEN"}
  Pipelines: [:api]
15:51:40.594 [] QUERY OK source="barriers" db=1.1ms idle=1288.3ms
SELECT b0."id", b0."name", b0."status", b0."inserted_at", b0."updated_at" FROM "barriers" AS b0 WHERE (b0."name" = $1) ["Falbanka"]
15:51:40.594 [] Sent 200 in 2ms
15:51:42.593 [] GET /api/v2/barrier/Andoria
15:51:42.595 [] Processing with RailroadWeb.BarrierController.show/2
  Parameters: %{"name" => "Andoria"}
  Pipelines: [:api]
15:51:42.597 [] QUERY OK source="barriers" db=0.8ms queue=0.1ms idle=1365.9ms
SELECT b0."id", b0."name", b0."status", b0."inserted_at", b0."updated_at" FROM "barriers" AS b0 WHERE (b0."name" = $1) ["Andoria"]
15:51:42.597 [] Sent 200 in 4ms
15:51:42.643 [] POST /api/v2/barrier/
15:51:42.644 [] Processing with RailroadWeb.BarrierController.update/2
  Parameters: %{"name" => "Andoria", "status" => "CLOSED"}
  Pipelines: [:api]
15:51:42.645 [] QUERY OK source="barriers" db=0.9ms idle=1414.1ms
SELECT b0."id", b0."name", b0."status", b0."inserted_at", b0."updated_at" FROM "barriers" AS b0 WHERE (b0."name" = $1) ["Andoria"]
15:51:42.646 [] QUERY OK db=0.6ms queue=0.2ms idle=1415.1ms
UPDATE "barriers" SET "status" = $1, "updated_at" = $2 WHERE "id" = $3 ["CLOSED", ~N[2021-04-08 13:51:42], 122]
15:51:42.646 [] Sent 200 in 3ms
15:51:43.639 [] POST /api/v2/barrier/
15:51:43.642 [] Processing with RailroadWeb.BarrierController.update/2
  Parameters: %{"name" => "Kaczory", "status" => "OPEN"}
  Pipelines: [:api]
15:51:43.647 [] QUERY OK source="barriers" db=3.7ms queue=0.1ms idle=1412.8ms
SELECT b0."id", b0."name", b0."status", b0."inserted_at", b0."updated_at" FROM "barriers" AS b0 WHERE (b0."name" = $1) ["Kaczory"]
15:51:43.650 [] QUERY OK db=1.6ms queue=1.1ms idle=1064.3ms
UPDATE "barriers" SET "status" = $1, "updated_at" = $2 WHERE "id" = $3 ["OPEN", ~N[2021-04-08 13:51:43], 135]
15:51:43.650 [] Sent 200 in 10ms
15:51:45.590 [] GET /api/v2/barrier/Maciej
15:51:45.591 [] Processing with RailroadWeb.BarrierController.show/2
  Parameters: %{"name" => "Maciej"}
  Pipelines: [:api]
15:51:45.591 [] QUERY OK source="barriers" db=0.2ms idle=1361.3ms
SELECT b0."id", b0."name", b0."status", b0."inserted_at", b0."updated_at" FROM "barriers" AS b0 WHERE (b0."name" = $1) ["Maciej"]
15:51:45.591 [] Sent 200 in 1ms
15:51:45.622 [] POST /api/v2/barrier/
15:51:45.623 [] Processing with RailroadWeb.BarrierController.update/2
  Parameters: %{"name" => "Maciej", "status" => "CLOSED"}
  Pipelines: [:api]
15:51:45.624 [] QUERY OK source="barriers" db=1.1ms idle=1393.6ms
SELECT b0."id", b0."name", b0."status", b0."inserted_at", b0."updated_at" FROM "barriers" AS b0 WHERE (b0."name" = $1) ["Maciej"]
15:51:45.626 [] QUERY OK db=0.6ms queue=0.2ms idle=395.0ms
UPDATE "barriers" SET "status" = $1, "updated_at" = $2 WHERE "id" = $3 ["CLOSED", ~N[2021-04-08 13:51:45], 137]
15:51:45.626 [] Sent 200 in 3ms
15:51:46.591 [] POST /api/v2/barrier/
15:51:46.595 [] Processing with RailroadWeb.BarrierController.update/2
  Parameters: %{"name" => "Iglice", "status" => "OPEN"}
  Pipelines: [:api]
15:51:46.598 [] QUERY OK source="barriers" db=2.6ms queue=0.1ms idle=1365.3ms
SELECT b0."id", b0."name", b0."status", b0."inserted_at", b0."updated_at" FROM "barriers" AS b0 WHERE (b0."name" = $1) ["Iglice"]
15:51:46.599 [] Sent 200 in 7ms
15:51:48.621 [] GET /api/v2/barrier/Dalekie
15:51:48.625 [] Processing with RailroadWeb.BarrierController.show/2
  Parameters: %{"name" => "Dalekie"}
  Pipelines: [:api]
15:51:48.627 [] QUERY OK source="barriers" db=1.9ms queue=0.1ms idle=1395.2ms
SELECT b0."id", b0."name", b0."status", b0."inserted_at", b0."updated_at" FROM "barriers" AS b0 WHERE (b0."name" = $1) ["Dalekie"]
15:51:48.627 [] Sent 200 in 6ms
15:51:49.752 [] POST /api/v2/barrier/
15:51:49.755 [] Processing with RailroadWeb.BarrierController.update/2
  Parameters: %{"name" => "Nadorzyce", "status" => "OPEN"}
  Pipelines: [:api]
15:51:49.756 [] QUERY OK source="barriers" db=0.4ms idle=1526.1ms
SELECT b0."id", b0."name", b0."status", b0."inserted_at", b0."updated_at" FROM "barriers" AS b0 WHERE (b0."name" = $1) ["Nadorzyce"]
15:51:49.758 [] QUERY OK db=0.7ms queue=0.3ms idle=1139.7ms
UPDATE "barriers" SET "status" = $1, "updated_at" = $2 WHERE "id" = $3 ["OPEN", ~N[2021-04-08 13:51:49], 138]
15:51:49.758 [] Sent 200 in 5ms
15:51:51.587 [] GET /api/v2/barrier/Babin
15:51:51.588 [] Processing with RailroadWeb.BarrierController.show/2
  Parameters: %{"name" => "Babin"}
  Pipelines: [:api]
15:51:51.589 [] QUERY OK source="barriers" db=0.8ms idle=358.5ms
SELECT b0."id", b0."name", b0."status", b0."inserted_at", b0."updated_at" FROM "barriers" AS b0 WHERE (b0."name" = $1) ["Babin"]
15:51:51.589 [] Sent 200 in 1ms
15:51:51.619 [] POST /api/v2/barrier/
15:51:51.620 [] Processing with RailroadWeb.BarrierController.update/2
  Parameters: %{"name" => "Babin", "status" => "CLOSED"}
  Pipelines: [:api]
15:51:51.620 [] QUERY OK source="barriers" db=0.5ms idle=390.2ms
SELECT b0."id", b0."name", b0."status", b0."inserted_at", b0."updated_at" FROM "barriers" AS b0 WHERE (b0."name" = $1) ["Babin"]
15:51:51.622 [] QUERY OK db=0.9ms idle=391.1ms
UPDATE "barriers" SET "status" = $1, "updated_at" = $2 WHERE "id" = $3 ["CLOSED", ~N[2021-04-08 13:51:51], 126]
15:51:51.622 [] Sent 200 in 3ms
15:51:52.681 [] POST /api/v2/barrier/
15:51:52.682 [] Processing with RailroadWeb.BarrierController.update/2
  Parameters: %{"name" => "Andoria", "status" => "OPEN"}
  Pipelines: [:api]
15:51:52.682 [] QUERY OK source="barriers" db=0.3ms idle=1452.0ms
SELECT b0."id", b0."name", b0."status", b0."inserted_at", b0."updated_at" FROM "barriers" AS b0 WHERE (b0."name" = $1) ["Andoria"]
15:51:52.683 [] QUERY OK db=0.6ms idle=1097.5ms
UPDATE "barriers" SET "status" = $1, "updated_at" = $2 WHERE "id" = $3 ["OPEN", ~N[2021-04-08 13:51:52], 122]
15:51:52.683 [] Sent 200 in 2ms
15:51:54.591 [] GET /api/v2/barrier/Jacinki
15:51:54.593 [] Processing with RailroadWeb.BarrierController.show/2
  Parameters: %{"name" => "Jacinki"}
  Pipelines: [:api]
15:51:54.593 [] QUERY OK source="barriers" db=0.3ms idle=1363.0ms
SELECT b0."id", b0."name", b0."status", b0."inserted_at", b0."updated_at" FROM "barriers" AS b0 WHERE (b0."name" = $1) ["Jacinki"]
15:51:54.593 [] Sent 200 in 1ms
15:51:54.635 [] POST /api/v2/barrier/
15:51:54.637 [] Processing with RailroadWeb.BarrierController.update/2
  Parameters: %{"name" => "Jacinki", "status" => "CLOSED"}
  Pipelines: [:api]
15:51:54.638 [] QUERY OK source="barriers" db=0.7ms queue=0.1ms idle=1407.1ms
SELECT b0."id", b0."name", b0."status", b0."inserted_at", b0."updated_at" FROM "barriers" AS b0 WHERE (b0."name" = $1) ["Jacinki"]
15:51:54.640 [] QUERY OK db=1.2ms queue=0.7ms idle=409.0ms
UPDATE "barriers" SET "status" = $1, "updated_at" = $2 WHERE "id" = $3 ["CLOSED", ~N[2021-04-08 13:51:54], 134]
15:51:54.640 [] Sent 200 in 4ms
15:51:55.688 [] POST /api/v2/barrier/
15:51:55.689 [] Processing with RailroadWeb.BarrierController.update/2
  Parameters: %{"name" => "Maciej", "status" => "OPEN"}
  Pipelines: [:api]
15:51:55.690 [] QUERY OK source="barriers" db=0.2ms idle=1460.4ms
SELECT b0."id", b0."name", b0."status", b0."inserted_at", b0."updated_at" FROM "barriers" AS b0 WHERE (b0."name" = $1) ["Maciej"]
15:51:55.690 [] QUERY OK db=0.5ms idle=1109.0ms
UPDATE "barriers" SET "status" = $1, "updated_at" = $2 WHERE "id" = $3 ["OPEN", ~N[2021-04-08 13:51:55], 137]
15:51:55.691 [] Sent 200 in 2ms
15:51:57.610 [] GET /api/v2/barrier/Dalekie
15:51:57.611 [] Processing with RailroadWeb.BarrierController.show/2
  Parameters: %{"name" => "Dalekie"}
  Pipelines: [:api]
15:51:57.611 [] QUERY OK source="barriers" db=0.3ms idle=1381.5ms
SELECT b0."id", b0."name", b0."status", b0."inserted_at", b0."updated_at" FROM "barriers" AS b0 WHERE (b0."name" = $1) ["Dalekie"]
15:51:57.612 [] Sent 200 in 1ms
15:51:58.744 [] POST /api/v2/barrier/
15:51:58.746 [] Processing with RailroadWeb.BarrierController.update/2
  Parameters: %{"name" => "Dalekie", "status" => "OPEN"}
  Pipelines: [:api]
15:51:58.749 [] QUERY OK source="barriers" db=1.6ms idle=1517.2ms
SELECT b0."id", b0."name", b0."status", b0."inserted_at", b0."updated_at" FROM "barriers" AS b0 WHERE (b0."name" = $1) ["Dalekie"]
15:51:58.751 [] QUERY OK db=1.1ms queue=0.5ms idle=1519.4ms
UPDATE "barriers" SET "status" = $1, "updated_at" = $2 WHERE "id" = $3 ["OPEN", ~N[2021-04-08 13:51:58], 128]
15:51:58.751 [] Sent 200 in 6ms
