12:36:41.042 [info] [speed=normal ] Current train speed: 81.2
12:36:42.030 [info] [speed=fast ] Current train speed: 171.5
12:36:43.029 [info] [station=Andoria ] The train is approaching the station Andoria
12:36:43.240 [error] [] [anomalia] Barrier 'Andoria' should be opened
12:36:43.240 [info] [speed=normal ] Current train speed: 80.7
12:36:44.034 [info] [speed=fast ] Current train speed: 141.2
09:48:33.704 [info] [speed=fast ] Current train speed: 147.4
09:48:43.700 [info] [speed=normal ] Current train speed: 93.9
09:48:53.702 [info] [speed=normal ] Current train speed: 103.3
09:49:03.702 [info] [speed=fast ] Current train speed: 158.2
09:50:19.643 [info] [speed=fast ] Current train speed: 154.1
09:50:29.628 [info] [speed=normal ] Current train speed: 135.7
09:50:39.629 [info] [speed=normal ] Current train speed: 57.5
09:58:21.953 [info] [speed=normal ] Current train speed: 70.2
09:58:31.925 [info] [speed=normal ] Current train speed: 43.8
09:58:41.926 [info] [speed=normal ] Current train speed: 58.5
09:58:51.927 [info] [speed=normal ] Current train speed: 116.6
09:59:01.928 [info] [speed=fast ] Current train speed: 152.9
09:59:11.930 [info] [speed=slow ] Current train speed: 13.9
09:59:21.930 [info] [speed=slow ] Current train speed: 10.7
09:59:31.931 [info] [speed=normal ] Current train speed: 70.1
09:59:41.932 [info] [speed=slow ] Current train speed: 35.5
09:59:51.933 [info] [speed=slow ] Current train speed: 31.7
10:00:01.935 [info] [speed=normal ] Current train speed: 101.3
10:00:11.936 [info] [speed=slow ] Current train speed: 18.2
10:00:21.936 [info] [speed=normal ] Current train speed: 91.9
10:00:31.938 [info] [speed=fast ] Current train speed: 170.7
10:00:41.938 [info] [speed=normal ] Current train speed: 87.2
10:00:51.939 [info] [speed=normal ] Current train speed: 134.9
10:01:01.941 [info] [speed=slow ] Current train speed: 1.5
10:01:11.924 [info] [station=Andoria ] The train is approaching the station Andoria
10:01:21.943 [info] [speed=slow ] Current train speed: 11.5
10:01:31.944 [info] [speed=normal ] Current train speed: 91
10:01:41.945 [info] [speed=fast ] Current train speed: 174
10:01:51.946 [info] [speed=slow ] Current train speed: 39.6
10:02:01.947 [info] [speed=normal ] Current train speed: 42.4
10:02:11.949 [info] [speed=slow ] Current train speed: 19.1
10:02:21.949 [info] [speed=normal ] Current train speed: 58.9
10:02:31.950 [info] [speed=fast ] Current train speed: 147
10:02:41.952 [info] [speed=normal ] Current train speed: 87.3
10:02:51.953 [info] [speed=normal ] Current train speed: 76.9
10:03:01.953 [info] [speed=normal ] Current train speed: 53.2
10:03:11.954 [info] [speed=fast ] Current train speed: 170.2
10:03:21.956 [info] [speed=slow ] Current train speed: 8.4
10:03:31.956 [info] [speed=fast ] Current train speed: 155.1
10:03:41.957 [info] [speed=fast ] Current train speed: 146.9
10:03:51.958 [info] [speed=normal ] Current train speed: 58.1
10:04:01.959 [info] [speed=normal ] Current train speed: 129.3
10:04:11.925 [info] [station=Babin ] The train is approaching the station Babin
10:04:11.961 [info] [speed=normal ] Current train speed: 114.9
10:04:21.961 [info] [speed=slow ] Current train speed: 34.4
10:04:31.962 [info] [speed=normal ] Current train speed: 89.3
10:04:41.963 [info] [speed=normal ] Current train speed: 132.4
10:04:51.964 [info] [speed=slow ] Current train speed: 8.1
10:05:01.965 [info] [speed=normal ] Current train speed: 51.1
10:05:11.966 [info] [speed=normal ] Current train speed: 110.6
10:05:21.967 [info] [speed=normal ] Current train speed: 73.4
10:05:31.968 [info] [speed=normal ] Current train speed: 55
10:05:41.969 [info] [speed=normal ] Current train speed: 54.1
10:05:51.970 [info] [speed=normal ] Current train speed: 44.5
10:06:01.971 [info] [speed=normal ] Current train speed: 54.4
10:06:11.972 [info] [speed=normal ] Current train speed: 80.2
10:06:21.973 [info] [speed=fast ] Current train speed: 171.8
10:06:31.974 [info] [speed=fast ] Current train speed: 141.5
10:06:41.975 [info] [speed=normal ] Current train speed: 95.8
10:06:51.977 [info] [speed=normal ] Current train speed: 54.7
10:07:01.977 [info] [speed=normal ] Current train speed: 113.1
10:07:11.926 [info] [station=Baby ] The train is approaching the station Baby
10:07:11.978 [info] [speed=fast ] Current train speed: 153.5
10:07:21.980 [info] [speed=normal ] Current train speed: 91.9
10:07:31.980 [info] [speed=normal ] Current train speed: 96.3
10:07:41.982 [info] [speed=slow ] Current train speed: 35.4
10:07:51.982 [info] [speed=normal ] Current train speed: 108.3
10:08:01.984 [info] [speed=slow ] Current train speed: 2.1
10:08:11.985 [info] [speed=slow ] Current train speed: 3.7
10:08:21.986 [info] [speed=fast ] Current train speed: 162.3
10:08:31.986 [info] [speed=fast ] Current train speed: 147.3
10:08:41.988 [info] [speed=fast ] Current train speed: 147.3
10:08:51.989 [info] [speed=slow ] Current train speed: 13.5
10:09:01.990 [info] [speed=normal ] Current train speed: 48.7
10:09:11.990 [info] [speed=normal ] Current train speed: 68.8
10:09:21.991 [info] [speed=normal ] Current train speed: 120.4
10:09:31.992 [info] [speed=slow ] Current train speed: 21
10:09:41.993 [info] [speed=slow ] Current train speed: 39.8
10:09:51.995 [info] [speed=normal ] Current train speed: 43.6
10:10:01.995 [info] [speed=slow ] Current train speed: 23.8
10:10:11.928 [info] [station=Gaj ] The train is approaching the station Gaj
10:10:11.996 [info] [speed=normal ] Current train speed: 80.2
10:10:21.997 [info] [speed=slow ] Current train speed: 21.5
10:10:31.999 [info] [speed=normal ] Current train speed: 82.4
10:10:41.999 [info] [speed=normal ] Current train speed: 63.9
10:16:41.716 [info] [speed=normal ] Current train speed: 108.3
10:16:51.713 [info] [speed=normal ] Current train speed: 56.5
10:17:01.714 [info] [speed=fast ] Current train speed: 153.5
10:17:11.715 [info] [speed=fast ] Current train speed: 154
10:17:21.716 [info] [speed=normal ] Current train speed: 77.8
10:17:31.718 [info] [speed=fast ] Current train speed: 149.4
10:17:41.718 [info] [speed=normal ] Current train speed: 61.5
10:17:51.719 [info] [speed=slow ] Current train speed: 11.1
10:18:01.720 [info] [speed=normal ] Current train speed: 76.7
10:18:11.721 [info] [speed=normal ] Current train speed: 91.2
10:18:21.722 [info] [speed=normal ] Current train speed: 63.2
10:18:31.723 [info] [speed=slow ] Current train speed: 3.7
10:38:52.289 [info] [speed=normal ] Current train speed: 120.7
10:39:02.287 [info] [speed=normal ] Current train speed: 114.9
10:39:12.288 [info] [speed=slow ] Current train speed: 32.5
10:39:22.289 [info] [speed=slow ] Current train speed: 20.3
10:39:32.290 [info] [speed=slow ] Current train speed: 13.3
10:39:42.291 [info] [speed=slow ] Current train speed: 11.2
