15:51:07.535 [speed=normal ] Current train speed: 132.1
15:51:08.515 [speed=normal ] Current train speed: 104.3
15:51:09.514 [station=Babin ] The train is approaching the station Babin
15:51:09.561 [] Barrier is not available
15:51:09.561 [speed=fast ] Current train speed: 159.8
15:51:10.518 [speed=slow ] Current train speed: 8.9
15:51:11.519 [speed=normal ] Current train speed: 96.4
15:51:12.515 [station=Alfred ] The train is approaching the station Alfred
15:51:12.517 [] Barrier is not available
15:51:12.520 [speed=slow ] Current train speed: 28.9
15:51:13.521 [speed=normal ] Current train speed: 92
15:51:14.522 [speed=fast ] Current train speed: 141.8
15:51:15.516 [station=Dalekie ] The train is approaching the station Dalekie
15:51:15.518 [] Barrier is not available
15:51:15.523 [speed=normal ] Current train speed: 50.4
15:51:16.524 [speed=slow ] Current train speed: 14.3
15:51:17.525 [speed=normal ] Current train speed: 106.6
15:51:18.517 [station=Andoria ] The train is approaching the station Andoria
15:51:18.519 [] Barrier is not available
15:51:18.526 [speed=normal ] Current train speed: 120.6
15:51:19.527 [speed=normal ] Current train speed: 112.1
15:51:19.562 [] Open barrier on station Babin
15:51:19.575 [] Barrier is not available
15:51:20.528 [speed=fast ] Current train speed: 169.6
15:51:21.518 [station=Falbanka ] The train is approaching the station Falbanka
15:51:21.520 [] Barrier is not available
15:51:21.529 [speed=normal ] Current train speed: 95.9
15:51:22.518 [] Open barrier on station Alfred
15:51:22.521 [] Barrier is not available
15:51:22.530 [speed=normal ] Current train speed: 93.4
15:51:23.531 [speed=normal ] Current train speed: 76.7
15:51:24.519 [station=Babin ] The train is approaching the station Babin
15:51:24.521 [] Barrier is not available
15:51:24.532 [speed=normal ] Current train speed: 75.7
15:51:25.519 [] Open barrier on station Dalekie
15:51:25.521 [] Barrier is not available
15:51:25.533 [speed=slow ] Current train speed: 20.7
15:51:26.534 [speed=normal ] Current train speed: 102.8
15:51:27.520 [station=Falbanka ] The train is approaching the station Falbanka
15:51:27.522 [] Barrier is not available
15:51:27.535 [speed=slow ] Current train speed: 11.4
15:51:28.520 [] Open barrier on station Andoria
15:51:28.523 [] Barrier is not available
15:51:28.536 [speed=slow ] Current train speed: 33.6
15:51:29.537 [speed=normal ] Current train speed: 59.2
15:51:30.521 [station=Falbanka ] The train is approaching the station Falbanka
15:51:30.523 [] Barrier is not available
15:51:30.538 [speed=fast ] Current train speed: 143.1
15:51:31.521 [] Open barrier on station Falbanka
15:51:31.523 [] Barrier is not available
15:51:31.539 [speed=fast ] Current train speed: 163.2
15:51:32.540 [speed=normal ] Current train speed: 60.9
15:51:33.522 [station=Kaczory ] The train is approaching the station Kaczory
15:51:33.525 [] Barrier is not available
15:51:33.541 [speed=fast ] Current train speed: 179.1
15:51:34.522 [] Open barrier on station Babin
15:51:34.522 [] Barrier is not available
15:51:34.542 [speed=normal ] Current train speed: 113.1
15:51:35.543 [speed=normal ] Current train speed: 95.2
15:51:36.523 [station=Iglice ] The train is approaching the station Iglice
15:51:36.525 [] Barrier is not available
15:51:36.544 [speed=normal ] Current train speed: 116.1
15:51:37.524 [] Open barrier on station Falbanka
15:51:37.526 [] Barrier is not available
15:51:37.545 [speed=normal ] Current train speed: 43
15:51:38.546 [speed=normal ] Current train speed: 139.8
15:51:39.524 [station=Nadorzyce ] The train is approaching the station Nadorzyce
15:51:39.698 [speed=fast ] Current train speed: 172.6
15:51:40.524 [] Open barrier on station Falbanka
15:51:40.595 [speed=slow ] Current train speed: 6.9
15:51:41.549 [speed=fast ] Current train speed: 150.6
15:51:42.525 [station=Andoria ] The train is approaching the station Andoria
15:51:42.647 [speed=normal ] Current train speed: 67.1
15:51:43.526 [] Open barrier on station Kaczory
15:51:43.652 [speed=normal ] Current train speed: 111.4
15:51:44.552 [speed=fast ] Current train speed: 165.8
15:51:45.526 [station=Maciej ] The train is approaching the station Maciej
15:51:45.626 [speed=normal ] Current train speed: 66.1
15:51:46.526 [] Open barrier on station Iglice
15:51:46.600 [speed=normal ] Current train speed: 84.2
15:51:47.555 [speed=fast ] Current train speed: 154.8
15:51:48.527 [station=Dalekie ] The train is approaching the station Dalekie
15:51:48.628 [] [anomalia] Barrier 'Dalekie' should be opened
15:51:48.628 [speed=normal ] Current train speed: 40.5
15:51:49.557 [speed=slow ] Current train speed: 26.9
15:51:49.699 [] Open barrier on station Nadorzyce
15:51:50.558 [speed=slow ] Current train speed: 13.7
15:51:51.528 [station=Babin ] The train is approaching the station Babin
15:51:51.623 [speed=slow ] Current train speed: 16.3
15:51:52.560 [speed=normal ] Current train speed: 83
15:51:52.648 [] Open barrier on station Andoria
15:51:53.561 [speed=fast ] Current train speed: 160.3
15:51:54.529 [station=Jacinki ] The train is approaching the station Jacinki
15:51:54.641 [speed=fast ] Current train speed: 178.4
15:51:55.563 [speed=fast ] Current train speed: 175.3
15:51:55.627 [] Open barrier on station Maciej
15:51:56.564 [speed=normal ] Current train speed: 67.2
15:51:57.530 [station=Dalekie ] The train is approaching the station Dalekie
15:51:57.612 [] [anomalia] Barrier 'Dalekie' should be opened
15:51:57.612 [speed=normal ] Current train speed: 132.9
15:51:58.566 [speed=slow ] Current train speed: 14.8
15:51:58.629 [] Open barrier on station Dalekie
15:51:59.567 [speed=normal ] Current train speed: 97.7
15:52:00.531 [station=Alfred ] The train is approaching the station Alfred
15:52:00.532 [] Barrier is not available
15:52:00.568 [speed=fast ] Current train speed: 166.5
15:52:01.569 [speed=normal ] Current train speed: 136.9
15:52:01.624 [] Open barrier on station Babin
15:52:01.626 [] Barrier is not available
